<?xml version="1.0" encoding="UTF-8"?>
<!-- Generated by org.testng.reporters.JUnitReportReporter -->
<testsuite skipped="0" hostname="LH7U05CG5152FJ2" name="testngclasses.SetGetExample" tests="2" failures="0" timestamp="17 Nov 2018 15:36:06 GMT" time="0.054" errors="0">
  <testcase name="Login" time="0.050" classname="testngclasses.SetGetExample"/>
  <testcase name="Dashboard" time="0.004" classname="testngclasses.SetGetExample"/>
</testsuite> <!-- testngclasses.SetGetExample -->
